2024/08/13 09:11:45 utils.go:43: open /home/plaqdoc/BlackfireGate/Tools/version.txt: no such file or directory
2024/08/13 09:11:55 requests.go:135: signal: killed
2024/08/13 09:11:55 output.go:103: port scan failed: signal: killed
2024/08/13 09:12:00 requests.go:83: Get "http://extmail.topas-gbs.de": context deadline exceeded (Client.Timeout exceeded while awaiting headers)
2024/08/13 09:12:05 requests.go:107: Get "http://extmail.topas-gbs.de": context deadline exceeded (Client.Timeout exceeded while awaiting headers)
2024/08/13 09:13:17 utils.go:43: open /home/plaqdoc/BlackfireGate/Tools/version.txt: no such file or directory
2024/08/13 09:13:23 requests.go:59: Get "https://rapiddns.io/subdomain/topas-gbs.de?full=1": context deadline exceeded (Client.Timeout exceeded while awaiting headers)
2024/08/13 09:13:23 enum.go:40: Get "https://rapiddns.io/subdomain/topas-gbs.de?full=1": context deadline exceeded (Client.Timeout exceeded while awaiting headers)
2024/08/13 09:13:29 requests.go:135: signal: killed
2024/08/13 09:13:29 output.go:103: port scan failed: signal: killed
2024/08/13 09:15:48 requests.go:59: Get "https://rapiddns.io/subdomain/topas-gbs.de?full=1": context deadline exceeded (Client.Timeout exceeded while awaiting headers)
2024/08/13 09:15:48 enum.go:40: Get "https://rapiddns.io/subdomain/topas-gbs.de?full=1": context deadline exceeded (Client.Timeout exceeded while awaiting headers)
2024/08/13 09:15:55 requests.go:135: signal: killed
2024/08/13 09:15:55 output.go:103: port scan failed: signal: killed
2024/08/13 09:17:04 requests.go:135: signal: killed
2024/08/13 09:17:04 output.go:103: port scan failed: signal: killed
2024/08/13 09:17:04 utils.go:111: lookup www.mail.telepizza.de: no such host
2024/08/13 09:17:04 requests.go:83: Get "http://www.mail.telepizza.de": dial tcp: lookup www.mail.telepizza.de: no such host
2024/08/13 09:17:04 requests.go:107: Get "http://www.mail.telepizza.de": dial tcp: lookup www.mail.telepizza.de: no such host
2024/08/13 09:17:09 requests.go:83: Get "https://telepizza.foodcard.de:443/": context deadline exceeded (Client.Timeout exceeded while awaiting headers)
2024/08/13 09:17:14 requests.go:107: Get "https://telepizza.foodcard.de:443/": context deadline exceeded (Client.Timeout exceeded while awaiting headers)
2024/08/13 09:17:19 utils.go:111: lookup www.autodiscover.telepizza.de: no such host
2024/08/13 09:17:19 requests.go:83: Get "http://www.autodiscover.telepizza.de": dial tcp: lookup www.autodiscover.telepizza.de: no such host
2024/08/13 09:17:19 requests.go:107: Get "http://www.autodiscover.telepizza.de": dial tcp: lookup www.autodiscover.telepizza.de: no such host
2024/08/13 09:17:27 requests.go:83: Get "http://adiscover.telepizza.de": context deadline exceeded (Client.Timeout exceeded while awaiting headers)
2024/08/13 09:17:32 requests.go:107: Get "http://adiscover.telepizza.de": context deadline exceeded (Client.Timeout exceeded while awaiting headers)
2024/08/13 09:17:40 requests.go:83: Get "http://facebook.telepizza.de": context deadline exceeded (Client.Timeout exceeded while awaiting headers)
2024/08/13 09:17:45 requests.go:107: Get "http://facebook.telepizza.de": context deadline exceeded (Client.Timeout exceeded while awaiting headers)
2024/08/13 09:17:53 requests.go:83: Get "http://remote.telepizza.de": context deadline exceeded (Client.Timeout exceeded while awaiting headers)
2024/08/13 09:17:58 requests.go:107: Get "http://remote.telepizza.de": context deadline exceeded (Client.Timeout exceeded while awaiting headers)
2024/08/13 09:18:12 requests.go:135: signal: killed
2024/08/13 09:18:12 output.go:103: port scan failed: signal: killed
